This is XeTeX, Version 3.141592653-2.6-0.999997 (TeX Live 2025) (preloaded format=xelatex 2025.3.8)  22 APR 2025 03:39
entering extended mode
 restricted \write18 enabled.
 %&-line parsing enabled.
**527.tex
(./527.tex
LaTeX2e <2024-11-01> patch level 2
L3 programming layer <2025-01-18>
(/usr/local/texlive/2025/texmf-dist/tex/latex/base/article.cls
Document Class: article 2024/06/29 v1.4n Standard LaTeX document class
(/usr/local/texlive/2025/texmf-dist/tex/latex/base/size10.clo
File: size10.clo 2024/06/29 v1.4n Standard LaTeX file (size option)
)
\c@part=\count192
\c@section=\count193
\c@subsection=\count194
\c@subsubsection=\count195
\c@paragraph=\count196
\c@subparagraph=\count197
\c@figure=\count198
\c@table=\count199
\abovecaptionskip=\skip49
\belowcaptionskip=\skip50
\bibindent=\dimen141
)
(/usr/local/texlive/2025/texmf-dist/tex/latex/amsmath/amsmath.sty
Package: amsmath 2024/11/05 v2.17t AMS math features
\@mathmargin=\skip51

For additional information on amsmath, use the `?' option.
(/usr/local/texlive/2025/texmf-dist/tex/latex/amsmath/amstext.sty
Package: amstext 2021/08/26 v2.01 AMS text

(/usr/local/texlive/2025/texmf-dist/tex/latex/amsmath/amsgen.sty
File: amsgen.sty 1999/11/30 v2.0 generic functions
\@emptytoks=\toks17
\ex@=\dimen142
))
(/usr/local/texlive/2025/texmf-dist/tex/latex/amsmath/amsbsy.sty
Package: amsbsy 1999/11/29 v1.2d Bold Symbols
\pmbraise@=\dimen143
)
(/usr/local/texlive/2025/texmf-dist/tex/latex/amsmath/amsopn.sty
Package: amsopn 2022/04/08 v2.04 operator names
)
\inf@bad=\count266
LaTeX Info: Redefining \frac on input line 233.
\uproot@=\count267
\leftroot@=\count268
LaTeX Info: Redefining \overline on input line 398.
LaTeX Info: Redefining \colon on input line 409.
\classnum@=\count269
\DOTSCASE@=\count270
LaTeX Info: Redefining \ldots on input line 495.
LaTeX Info: Redefining \dots on input line 498.
LaTeX Info: Redefining \cdots on input line 619.
\Mathstrutbox@=\box52
\strutbox@=\box53
LaTeX Info: Redefining \big on input line 721.
LaTeX Info: Redefining \Big on input line 722.
LaTeX Info: Redefining \bigg on input line 723.
LaTeX Info: Redefining \Bigg on input line 724.
\big@size=\dimen144
LaTeX Font Info:    Redeclaring font encoding OML on input line 742.
LaTeX Font Info:    Redeclaring font encoding OMS on input line 743.
\macc@depth=\count271
LaTeX Info: Redefining \bmod on input line 904.
LaTeX Info: Redefining \pmod on input line 909.
LaTeX Info: Redefining \smash on input line 939.
LaTeX Info: Redefining \relbar on input line 969.
LaTeX Info: Redefining \Relbar on input line 970.
\c@MaxMatrixCols=\count272
\dotsspace@=\muskip17
\c@parentequation=\count273
\dspbrk@lvl=\count274
\tag@help=\toks18
\row@=\count275
\column@=\count276
\maxfields@=\count277
\andhelp@=\toks19
\eqnshift@=\dimen145
\alignsep@=\dimen146
\tagshift@=\dimen147
\tagwidth@=\dimen148
\totwidth@=\dimen149
\lineht@=\dimen150
\@envbody=\toks20
\multlinegap=\skip52
\multlinetaggap=\skip53
\mathdisplay@stack=\toks21
LaTeX Info: Redefining \[ on input line 2953.
LaTeX Info: Redefining \] on input line 2954.
)
(/usr/local/texlive/2025/texmf-dist/tex/latex/amsfonts/amssymb.sty
Package: amssymb 2013/01/14 v3.01 AMS font symbols

(/usr/local/texlive/2025/texmf-dist/tex/latex/amsfonts/amsfonts.sty
Package: amsfonts 2013/01/14 v3.01 Basic AMSFonts support
\symAMSa=\mathgroup4
\symAMSb=\mathgroup5
LaTeX Font Info:    Redeclaring math symbol \hbar on input line 98.
LaTeX Font Info:    Overwriting math alphabet `\mathfrak' in version `bold'
(Font)                  U/euf/m/n --> U/euf/b/n on input line 106.
))
(/usr/local/texlive/2025/texmf-dist/tex/latex/jknapltx/mathrsfs.sty
Package: mathrsfs 1996/01/01 Math RSFS package v1.0 (jk)
\symrsfs=\mathgroup6
)
(/usr/local/texlive/2025/texmf-dist/tex/latex/stmaryrd/stmaryrd.sty
Package: stmaryrd 1994/03/03 St Mary's Road symbol package
\symstmry=\mathgroup7
LaTeX Font Info:    Overwriting symbol font `stmry' in version `bold'
(Font)                  U/stmry/m/n --> U/stmry/b/n on input line 89.
)
(/usr/local/texlive/2025/texmf-dist/tex/latex/amscls/amsthm.sty
Package: amsthm 2020/05/29 v2.20.6
\thm@style=\toks22
\thm@bodyfont=\toks23
\thm@headfont=\toks24
\thm@notefont=\toks25
\thm@headpunct=\toks26
\thm@preskip=\skip54
\thm@postskip=\skip55
\thm@headsep=\skip56
\dth@everypar=\toks27
)
(/usr/local/texlive/2025/texmf-dist/tex/latex/tools/array.sty
Package: array 2024/10/17 v2.6g Tabular extension package (FMi)
\col@sep=\dimen151
\ar@mcellbox=\box54
\extrarowheight=\dimen152
\NC@list=\toks28
\extratabsurround=\skip57
\backup@length=\skip58
\ar@cellbox=\box55
)
(/usr/local/texlive/2025/texmf-dist/tex/latex/lkproof/proof.sty
\inferLineSkip=\dimen153
\inferLabelSkip=\dimen154
\@LeftOffset=\dimen155
\@RightOffset=\dimen156
\@SavedLeftOffset=\dimen157
\UpperWidth=\dimen158
\LowerWidth=\dimen159
\LowerHeight=\dimen160
\UpperLeftOffset=\dimen161
\UpperRightOffset=\dimen162
\UpperCenter=\dimen163
\LowerCenter=\dimen164
\UpperAdjust=\dimen165
\RuleAdjust=\dimen166
\LowerAdjust=\dimen167
\RuleWidth=\dimen168
\HLabelAdjust=\dimen169
\VLabelAdjust=\dimen170
\WidthAdjust=\dimen171
\@UpperPart=\box56
\@LowerPart=\box57
\@LabelPart=\box58
\ResultBox=\box59
)
(/usr/local/texlive/2025/texmf-dist/tex/latex/bussproofs/bussproofs.sty
Proof Tree (bussproofs) style macros. Version 1.1.
\theLevel=\count278
\myMaxLevel=\count279
\myBoxA=\box60
\myBoxB=\box61
\myBoxC=\box62
\myBoxD=\box63
\myBoxLL=\box64
\myBoxRL=\box65
\thisAboveSkip=\dimen172
\thisBelowSkip=\dimen173
\newScoreStart=\dimen174
\newScoreEnd=\dimen175
\newCenter=\dimen176
\displace=\dimen177
\leftLowerAmt=\dimen178
\rightLowerAmt=\dimen179
\scoreHeight=\dimen180
\scoreDepth=\dimen181
\htLbox=\dimen182
\htRbox=\dimen183
\htRRbox=\dimen184
\htRRRbox=\dimen185
\htAbox=\dimen186
\htCbox=\dimen187
) (/usr/local/texlive/2025/texmf-dist/tex/latex/pgf/frontendlayer/tikz.sty
(/usr/local/texlive/2025/texmf-dist/tex/latex/pgf/basiclayer/pgf.sty
(/usr/local/texlive/2025/texmf-dist/tex/latex/pgf/utilities/pgfrcs.sty
(/usr/local/texlive/2025/texmf-dist/tex/generic/pgf/utilities/pgfutil-common.te
x
\pgfutil@everybye=\toks29
\pgfutil@tempdima=\dimen188
\pgfutil@tempdimb=\dimen189
)
(/usr/local/texlive/2025/texmf-dist/tex/generic/pgf/utilities/pgfutil-latex.def
\pgfutil@abb=\box66
) (/usr/local/texlive/2025/texmf-dist/tex/generic/pgf/utilities/pgfrcs.code.tex
(/usr/local/texlive/2025/texmf-dist/tex/generic/pgf/pgf.revision.tex)
Package: pgfrcs 2023-01-15 v3.1.10 (3.1.10)
))
Package: pgf 2023-01-15 v3.1.10 (3.1.10)

(/usr/local/texlive/2025/texmf-dist/tex/latex/pgf/basiclayer/pgfcore.sty
(/usr/local/texlive/2025/texmf-dist/tex/latex/graphics/graphicx.sty
Package: graphicx 2021/09/16 v1.2d Enhanced LaTeX Graphics (DPC,SPQR)

(/usr/local/texlive/2025/texmf-dist/tex/latex/graphics/keyval.sty
Package: keyval 2022/05/29 v1.15 key=value parser (DPC)
\KV@toks@=\toks30
)
(/usr/local/texlive/2025/texmf-dist/tex/latex/graphics/graphics.sty
Package: graphics 2024/08/06 v1.4g Standard LaTeX Graphics (DPC,SPQR)

(/usr/local/texlive/2025/texmf-dist/tex/latex/graphics/trig.sty
Package: trig 2023/12/02 v1.11 sin cos tan (DPC)
)
(/usr/local/texlive/2025/texmf-dist/tex/latex/graphics-cfg/graphics.cfg
File: graphics.cfg 2016/06/04 v1.11 sample graphics configuration
)
Package graphics Info: Driver file: xetex.def on input line 106.

(/usr/local/texlive/2025/texmf-dist/tex/latex/graphics-def/xetex.def
File: xetex.def 2022/09/22 v5.0n Graphics/color driver for xetex
))
\Gin@req@height=\dimen190
\Gin@req@width=\dimen191
)
(/usr/local/texlive/2025/texmf-dist/tex/latex/pgf/systemlayer/pgfsys.sty
(/usr/local/texlive/2025/texmf-dist/tex/generic/pgf/systemlayer/pgfsys.code.tex
Package: pgfsys 2023-01-15 v3.1.10 (3.1.10)
(/usr/local/texlive/2025/texmf-dist/tex/generic/pgf/utilities/pgfkeys.code.tex
\pgfkeys@pathtoks=\toks31
\pgfkeys@temptoks=\toks32

(/usr/local/texlive/2025/texmf-dist/tex/generic/pgf/utilities/pgfkeyslibraryfil
tered.code.tex
\pgfkeys@tmptoks=\toks33
))
\pgf@x=\dimen192
\pgf@y=\dimen193
\pgf@xa=\dimen194
\pgf@ya=\dimen195
\pgf@xb=\dimen196
\pgf@yb=\dimen197
\pgf@xc=\dimen198
\pgf@yc=\dimen199
\pgf@xd=\dimen256
\pgf@yd=\dimen257
\w@pgf@writea=\write3
\r@pgf@reada=\read2
\c@pgf@counta=\count280
\c@pgf@countb=\count281
\c@pgf@countc=\count282
\c@pgf@countd=\count283
\t@pgf@toka=\toks34
\t@pgf@tokb=\toks35
\t@pgf@tokc=\toks36
\pgf@sys@id@count=\count284

(/usr/local/texlive/2025/texmf-dist/tex/generic/pgf/systemlayer/pgf.cfg
File: pgf.cfg 2023-01-15 v3.1.10 (3.1.10)
)
Driver file for pgf: pgfsys-xetex.def

(/usr/local/texlive/2025/texmf-dist/tex/generic/pgf/systemlayer/pgfsys-xetex.de
f
File: pgfsys-xetex.def 2023-01-15 v3.1.10 (3.1.10)

(/usr/local/texlive/2025/texmf-dist/tex/generic/pgf/systemlayer/pgfsys-dvipdfmx
.def
File: pgfsys-dvipdfmx.def 2023-01-15 v3.1.10 (3.1.10)

(/usr/local/texlive/2025/texmf-dist/tex/generic/pgf/systemlayer/pgfsys-common-p
df.def
File: pgfsys-common-pdf.def 2023-01-15 v3.1.10 (3.1.10)
)
\pgfsys@objnum=\count285
)))
(/usr/local/texlive/2025/texmf-dist/tex/generic/pgf/systemlayer/pgfsyssoftpath.
code.tex
File: pgfsyssoftpath.code.tex 2023-01-15 v3.1.10 (3.1.10)
\pgfsyssoftpath@smallbuffer@items=\count286
\pgfsyssoftpath@bigbuffer@items=\count287
)
(/usr/local/texlive/2025/texmf-dist/tex/generic/pgf/systemlayer/pgfsysprotocol.
code.tex
File: pgfsysprotocol.code.tex 2023-01-15 v3.1.10 (3.1.10)
)) (/usr/local/texlive/2025/texmf-dist/tex/latex/xcolor/xcolor.sty
Package: xcolor 2024/09/29 v3.02 LaTeX color extensions (UK)

(/usr/local/texlive/2025/texmf-dist/tex/latex/graphics-cfg/color.cfg
File: color.cfg 2016/01/02 v1.6 sample color configuration
)
Package xcolor Info: Driver file: xetex.def on input line 274.

(/usr/local/texlive/2025/texmf-dist/tex/latex/graphics/mathcolor.ltx)
Package xcolor Info: Model `cmy' substituted by `cmy0' on input line 1349.
Package xcolor Info: Model `RGB' extended on input line 1365.
Package xcolor Info: Model `HTML' substituted by `rgb' on input line 1367.
Package xcolor Info: Model `Hsb' substituted by `hsb' on input line 1368.
Package xcolor Info: Model `tHsb' substituted by `hsb' on input line 1369.
Package xcolor Info: Model `HSB' substituted by `hsb' on input line 1370.
Package xcolor Info: Model `Gray' substituted by `gray' on input line 1371.
Package xcolor Info: Model `wave' substituted by `hsb' on input line 1372.
)
(/usr/local/texlive/2025/texmf-dist/tex/generic/pgf/basiclayer/pgfcore.code.tex
Package: pgfcore 2023-01-15 v3.1.10 (3.1.10)
(/usr/local/texlive/2025/texmf-dist/tex/generic/pgf/math/pgfmath.code.tex
(/usr/local/texlive/2025/texmf-dist/tex/generic/pgf/math/pgfmathutil.code.tex)
(/usr/local/texlive/2025/texmf-dist/tex/generic/pgf/math/pgfmathparser.code.tex
\pgfmath@dimen=\dimen258
\pgfmath@count=\count288
\pgfmath@box=\box67
\pgfmath@toks=\toks37
\pgfmath@stack@operand=\toks38
\pgfmath@stack@operation=\toks39
)
(/usr/local/texlive/2025/texmf-dist/tex/generic/pgf/math/pgfmathfunctions.code.
tex)
(/usr/local/texlive/2025/texmf-dist/tex/generic/pgf/math/pgfmathfunctions.basic
.code.tex)
(/usr/local/texlive/2025/texmf-dist/tex/generic/pgf/math/pgfmathfunctions.trigo
nometric.code.tex)
(/usr/local/texlive/2025/texmf-dist/tex/generic/pgf/math/pgfmathfunctions.rando
m.code.tex)
(/usr/local/texlive/2025/texmf-dist/tex/generic/pgf/math/pgfmathfunctions.compa
rison.code.tex)
(/usr/local/texlive/2025/texmf-dist/tex/generic/pgf/math/pgfmathfunctions.base.
code.tex)
(/usr/local/texlive/2025/texmf-dist/tex/generic/pgf/math/pgfmathfunctions.round
.code.tex)
(/usr/local/texlive/2025/texmf-dist/tex/generic/pgf/math/pgfmathfunctions.misc.
code.tex)
(/usr/local/texlive/2025/texmf-dist/tex/generic/pgf/math/pgfmathfunctions.integ
erarithmetics.code.tex)
(/usr/local/texlive/2025/texmf-dist/tex/generic/pgf/math/pgfmathcalc.code.tex)
(/usr/local/texlive/2025/texmf-dist/tex/generic/pgf/math/pgfmathfloat.code.tex
\c@pgfmathroundto@lastzeros=\count289
)) (/usr/local/texlive/2025/texmf-dist/tex/generic/pgf/math/pgfint.code.tex)
(/usr/local/texlive/2025/texmf-dist/tex/generic/pgf/basiclayer/pgfcorepoints.co
de.tex
File: pgfcorepoints.code.tex 2023-01-15 v3.1.10 (3.1.10)
\pgf@picminx=\dimen259
\pgf@picmaxx=\dimen260
\pgf@picminy=\dimen261
\pgf@picmaxy=\dimen262
\pgf@pathminx=\dimen263
\pgf@pathmaxx=\dimen264
\pgf@pathminy=\dimen265
\pgf@pathmaxy=\dimen266
\pgf@xx=\dimen267
\pgf@xy=\dimen268
\pgf@yx=\dimen269
\pgf@yy=\dimen270
\pgf@zx=\dimen271
\pgf@zy=\dimen272
)
(/usr/local/texlive/2025/texmf-dist/tex/generic/pgf/basiclayer/pgfcorepathconst
ruct.code.tex
File: pgfcorepathconstruct.code.tex 2023-01-15 v3.1.10 (3.1.10)
\pgf@path@lastx=\dimen273
\pgf@path@lasty=\dimen274
)
(/usr/local/texlive/2025/texmf-dist/tex/generic/pgf/basiclayer/pgfcorepathusage
.code.tex
File: pgfcorepathusage.code.tex 2023-01-15 v3.1.10 (3.1.10)
\pgf@shorten@end@additional=\dimen275
\pgf@shorten@start@additional=\dimen276
)
(/usr/local/texlive/2025/texmf-dist/tex/generic/pgf/basiclayer/pgfcorescopes.co
de.tex
File: pgfcorescopes.code.tex 2023-01-15 v3.1.10 (3.1.10)
\pgfpic=\box68
\pgf@hbox=\box69
\pgf@layerbox@main=\box70
\pgf@picture@serial@count=\count290
)
(/usr/local/texlive/2025/texmf-dist/tex/generic/pgf/basiclayer/pgfcoregraphicst
ate.code.tex
File: pgfcoregraphicstate.code.tex 2023-01-15 v3.1.10 (3.1.10)
\pgflinewidth=\dimen277
)
(/usr/local/texlive/2025/texmf-dist/tex/generic/pgf/basiclayer/pgfcoretransform
ations.code.tex
File: pgfcoretransformations.code.tex 2023-01-15 v3.1.10 (3.1.10)
\pgf@pt@x=\dimen278
\pgf@pt@y=\dimen279
\pgf@pt@temp=\dimen280
)
(/usr/local/texlive/2025/texmf-dist/tex/generic/pgf/basiclayer/pgfcorequick.cod
e.tex
File: pgfcorequick.code.tex 2023-01-15 v3.1.10 (3.1.10)
)
(/usr/local/texlive/2025/texmf-dist/tex/generic/pgf/basiclayer/pgfcoreobjects.c
ode.tex
File: pgfcoreobjects.code.tex 2023-01-15 v3.1.10 (3.1.10)
)
(/usr/local/texlive/2025/texmf-dist/tex/generic/pgf/basiclayer/pgfcorepathproce
ssing.code.tex
File: pgfcorepathprocessing.code.tex 2023-01-15 v3.1.10 (3.1.10)
)
(/usr/local/texlive/2025/texmf-dist/tex/generic/pgf/basiclayer/pgfcorearrows.co
de.tex
File: pgfcorearrows.code.tex 2023-01-15 v3.1.10 (3.1.10)
\pgfarrowsep=\dimen281
)
(/usr/local/texlive/2025/texmf-dist/tex/generic/pgf/basiclayer/pgfcoreshade.cod
e.tex
File: pgfcoreshade.code.tex 2023-01-15 v3.1.10 (3.1.10)
\pgf@max=\dimen282
\pgf@sys@shading@range@num=\count291
\pgf@shadingcount=\count292
)
(/usr/local/texlive/2025/texmf-dist/tex/generic/pgf/basiclayer/pgfcoreimage.cod
e.tex
File: pgfcoreimage.code.tex 2023-01-15 v3.1.10 (3.1.10)
)
(/usr/local/texlive/2025/texmf-dist/tex/generic/pgf/basiclayer/pgfcoreexternal.
code.tex
File: pgfcoreexternal.code.tex 2023-01-15 v3.1.10 (3.1.10)
\pgfexternal@startupbox=\box71
)
(/usr/local/texlive/2025/texmf-dist/tex/generic/pgf/basiclayer/pgfcorelayers.co
de.tex
File: pgfcorelayers.code.tex 2023-01-15 v3.1.10 (3.1.10)
)
(/usr/local/texlive/2025/texmf-dist/tex/generic/pgf/basiclayer/pgfcoretranspare
ncy.code.tex
File: pgfcoretransparency.code.tex 2023-01-15 v3.1.10 (3.1.10)
)
(/usr/local/texlive/2025/texmf-dist/tex/generic/pgf/basiclayer/pgfcorepatterns.
code.tex
File: pgfcorepatterns.code.tex 2023-01-15 v3.1.10 (3.1.10)
)
(/usr/local/texlive/2025/texmf-dist/tex/generic/pgf/basiclayer/pgfcorerdf.code.
tex
File: pgfcorerdf.code.tex 2023-01-15 v3.1.10 (3.1.10)
)))
(/usr/local/texlive/2025/texmf-dist/tex/generic/pgf/modules/pgfmoduleshapes.cod
e.tex
File: pgfmoduleshapes.code.tex 2023-01-15 v3.1.10 (3.1.10)
\pgfnodeparttextbox=\box72
)
(/usr/local/texlive/2025/texmf-dist/tex/generic/pgf/modules/pgfmoduleplot.code.
tex
File: pgfmoduleplot.code.tex 2023-01-15 v3.1.10 (3.1.10)
)
(/usr/local/texlive/2025/texmf-dist/tex/latex/pgf/compatibility/pgfcomp-version
-0-65.sty
Package: pgfcomp-version-0-65 2023-01-15 v3.1.10 (3.1.10)
\pgf@nodesepstart=\dimen283
\pgf@nodesepend=\dimen284
)
(/usr/local/texlive/2025/texmf-dist/tex/latex/pgf/compatibility/pgfcomp-version
-1-18.sty
Package: pgfcomp-version-1-18 2023-01-15 v3.1.10 (3.1.10)
))
(/usr/local/texlive/2025/texmf-dist/tex/latex/pgf/utilities/pgffor.sty
(/usr/local/texlive/2025/texmf-dist/tex/latex/pgf/utilities/pgfkeys.sty
(/usr/local/texlive/2025/texmf-dist/tex/generic/pgf/utilities/pgfkeys.code.tex)
) (/usr/local/texlive/2025/texmf-dist/tex/latex/pgf/math/pgfmath.sty
(/usr/local/texlive/2025/texmf-dist/tex/generic/pgf/math/pgfmath.code.tex))
(/usr/local/texlive/2025/texmf-dist/tex/generic/pgf/utilities/pgffor.code.tex
Package: pgffor 2023-01-15 v3.1.10 (3.1.10)
\pgffor@iter=\dimen285
\pgffor@skip=\dimen286
\pgffor@stack=\toks40
\pgffor@toks=\toks41
))
(/usr/local/texlive/2025/texmf-dist/tex/generic/pgf/frontendlayer/tikz/tikz.cod
e.tex
Package: tikz 2023-01-15 v3.1.10 (3.1.10)

(/usr/local/texlive/2025/texmf-dist/tex/generic/pgf/libraries/pgflibraryplothan
dlers.code.tex
File: pgflibraryplothandlers.code.tex 2023-01-15 v3.1.10 (3.1.10)
\pgf@plot@mark@count=\count293
\pgfplotmarksize=\dimen287
)
\tikz@lastx=\dimen288
\tikz@lasty=\dimen289
\tikz@lastxsaved=\dimen290
\tikz@lastysaved=\dimen291
\tikz@lastmovetox=\dimen292
\tikz@lastmovetoy=\dimen293
\tikzleveldistance=\dimen294
\tikzsiblingdistance=\dimen295
\tikz@figbox=\box73
\tikz@figbox@bg=\box74
\tikz@tempbox=\box75
\tikz@tempbox@bg=\box76
\tikztreelevel=\count294
\tikznumberofchildren=\count295
\tikznumberofcurrentchild=\count296
\tikz@fig@count=\count297

(/usr/local/texlive/2025/texmf-dist/tex/generic/pgf/modules/pgfmodulematrix.cod
e.tex
File: pgfmodulematrix.code.tex 2023-01-15 v3.1.10 (3.1.10)
\pgfmatrixcurrentrow=\count298
\pgfmatrixcurrentcolumn=\count299
\pgf@matrix@numberofcolumns=\count300
)
\tikz@expandcount=\count301

(/usr/local/texlive/2025/texmf-dist/tex/generic/pgf/frontendlayer/tikz/librarie
s/tikzlibrarytopaths.code.tex
File: tikzlibrarytopaths.code.tex 2023-01-15 v3.1.10 (3.1.10)
)))
\c@lemma=\count302

(/usr/local/texlive/2025/texmf-dist/tex/latex/mathtools/mathtools.sty
Package: mathtools 2024/10/04 v1.31 mathematical typesetting tools

(/usr/local/texlive/2025/texmf-dist/tex/latex/tools/calc.sty
Package: calc 2023/07/08 v4.3 Infix arithmetic (KKT,FJ)
\calc@Acount=\count303
\calc@Bcount=\count304
\calc@Adimen=\dimen296
\calc@Bdimen=\dimen297
\calc@Askip=\skip59
\calc@Bskip=\skip60
LaTeX Info: Redefining \setlength on input line 80.
LaTeX Info: Redefining \addtolength on input line 81.
\calc@Ccount=\count305
\calc@Cskip=\skip61
)
(/usr/local/texlive/2025/texmf-dist/tex/latex/mathtools/mhsetup.sty
Package: mhsetup 2021/03/18 v1.4 programming setup (MH)
)
\g_MT_multlinerow_int=\count306
\l_MT_multwidth_dim=\dimen298
\origjot=\skip62
\l_MT_shortvdotswithinadjustabove_dim=\dimen299
\l_MT_shortvdotswithinadjustbelow_dim=\dimen300
\l_MT_above_intertext_sep=\dimen301
\l_MT_below_intertext_sep=\dimen302
\l_MT_above_shortintertext_sep=\dimen303
\l_MT_below_shortintertext_sep=\dimen304
\xmathstrut@box=\box77
\xmathstrut@dim=\dimen305
)
(/usr/local/texlive/2025/texmf-dist/tex/latex/fontspec/fontspec.sty
(/usr/local/texlive/2025/texmf-dist/tex/latex/l3packages/xparse/xparse.sty
(/usr/local/texlive/2025/texmf-dist/tex/latex/l3kernel/expl3.sty
Package: expl3 2025-01-18 L3 programming layer (loader) 

(/usr/local/texlive/2025/texmf-dist/tex/latex/l3backend/l3backend-xetex.def
File: l3backend-xetex.def 2024-05-08 L3 backend support: XeTeX
\g__graphics_track_int=\count307
\l__pdf_internal_box=\box78
\g__pdf_backend_annotation_int=\count308
\g__pdf_backend_link_int=\count309
))
Package: xparse 2024-08-16 L3 Experimental document command parser
)
Package: fontspec 2024/05/11 v2.9e Font selection for XeLaTeX and LuaLaTeX

(/usr/local/texlive/2025/texmf-dist/tex/latex/fontspec/fontspec-xetex.sty
Package: fontspec-xetex 2024/05/11 v2.9e Font selection for XeLaTeX and LuaLaTe
X
\l__fontspec_script_int=\count310
\l__fontspec_language_int=\count311
\l__fontspec_strnum_int=\count312
\l__fontspec_tmp_int=\count313
\l__fontspec_tmpa_int=\count314
\l__fontspec_tmpb_int=\count315
\l__fontspec_tmpc_int=\count316
\l__fontspec_em_int=\count317
\l__fontspec_emdef_int=\count318
\l__fontspec_strong_int=\count319
\l__fontspec_strongdef_int=\count320
\l__fontspec_tmpa_dim=\dimen306
\l__fontspec_tmpb_dim=\dimen307
\l__fontspec_tmpc_dim=\dimen308

(/usr/local/texlive/2025/texmf-dist/tex/latex/base/fontenc.sty
Package: fontenc 2021/04/29 v2.0v Standard LaTeX package
)
(/usr/local/texlive/2025/texmf-dist/tex/latex/fontspec/fontspec.cfg)))
(/usr/local/texlive/2025/texmf-dist/tex/latex/minted/minted.sty
Package: minted 2025/03/06 v3.6.0 Yet another Pygments shim for LaTeX

(/usr/local/texlive/2025/texmf-dist/tex/generic/catchfile/catchfile.sty
Package: catchfile 2019/12/09 v1.8 Catch the contents of a file (HO)

(/usr/local/texlive/2025/texmf-dist/tex/generic/infwarerr/infwarerr.sty
Package: infwarerr 2019/12/03 v1.5 Providing info/warning/error messages (HO)
)
(/usr/local/texlive/2025/texmf-dist/tex/generic/ltxcmds/ltxcmds.sty
Package: ltxcmds 2023-12-04 v1.26 LaTeX kernel commands for general use (HO)
)
(/usr/local/texlive/2025/texmf-dist/tex/generic/etexcmds/etexcmds.sty
Package: etexcmds 2019/12/15 v1.7 Avoid name clashes with e-TeX commands (HO)

(/usr/local/texlive/2025/texmf-dist/tex/generic/iftex/iftex.sty
Package: iftex 2024/12/12 v1.0g TeX engine tests
)))
(/usr/local/texlive/2025/texmf-dist/tex/latex/etoolbox/etoolbox.sty
Package: etoolbox 2025/02/11 v2.5l e-TeX tools for LaTeX (JAW)
\etb@tempcnta=\count321
)
(/usr/local/texlive/2025/texmf-dist/tex/latex/fvextra/fvextra.sty
Package: fvextra 2025/03/04 v1.12.0 fvextra - extensions and patches for fancyv
rb

(/usr/local/texlive/2025/texmf-dist/tex/latex/fancyvrb/fancyvrb.sty
Package: fancyvrb 2024/01/20 4.5c verbatim text (tvz,hv)
\FV@CodeLineNo=\count322
\FV@InFile=\read3
\FV@TabBox=\box79
\c@FancyVerbLine=\count323
\FV@StepNumber=\count324
\FV@OutFile=\write4
)
(/usr/local/texlive/2025/texmf-dist/tex/generic/pdftexcmds/pdftexcmds.sty
Package: pdftexcmds 2020-06-27 v0.33 Utility functions of pdfTeX for LuaTeX (HO
)
Package pdftexcmds Info: \pdf@primitive is available.
Package pdftexcmds Info: \pdf@ifprimitive is available.
Package pdftexcmds Info: \pdfdraftmode not found.
)
(/usr/local/texlive/2025/texmf-dist/tex/latex/upquote/upquote.sty
Package: upquote 2012/04/19 v1.3 upright-quote and grave-accent glyphs in verba
tim

(/usr/local/texlive/2025/texmf-dist/tex/latex/base/textcomp.sty
Package: textcomp 2024/04/24 v2.1b Standard LaTeX package
))
(/usr/local/texlive/2025/texmf-dist/tex/latex/lineno/lineno.sty
Package: lineno 2025/01/29 line numbers on paragraphs v5.4

(/usr/local/texlive/2025/texmf-dist/tex/latex/kvoptions/kvoptions.sty
Package: kvoptions 2022-06-15 v3.15 Key value format for package options (HO)

(/usr/local/texlive/2025/texmf-dist/tex/latex/kvsetkeys/kvsetkeys.sty
Package: kvsetkeys 2022-10-05 v1.19 Key value parser (HO)
))
\linenopenalty=\count325
\output=\toks42
\linenoprevgraf=\count326
\linenumbersep=\dimen309
\linenumberwidth=\dimen310
\c@linenumber=\count327
\c@pagewiselinenumber=\count328
\c@LN@truepage=\count329
\c@internallinenumber=\count330
\c@internallinenumbers=\count331
\quotelinenumbersep=\dimen311
\bframerule=\dimen312
\bframesep=\dimen313
\bframebox=\box80
\@LN@amsmath@ams@eqpen=\count332
LaTeX Info: Redefining \\ on input line 3187.
)
\c@FancyVerbWriteLine=\count333
\c@FancyVerbBufferLine=\count334
\c@FV@TrueTabGroupLevel=\count335
\c@FV@TrueTabCounter=\count336
\FV@TabBox@Group=\box81
\FV@bgcolorstructbox=\box82
\FV@TmpLength=\skip63
\c@FV@HighlightLinesStart=\count337
\c@FV@HighlightLinesStop=\count338
\FV@LoopCount=\count339
\FV@NCharsBox=\box83
\FV@BreakIndent=\dimen314
\FV@BreakIndentNChars=\count340
\FV@BreakSymbolSepLeft=\dimen315
\FV@BreakSymbolSepLeftNChars=\count341
\FV@BreakSymbolSepRight=\dimen316
\FV@BreakSymbolSepRightNChars=\count342
\FV@BreakSymbolIndentLeft=\dimen317
\FV@BreakSymbolIndentLeftNChars=\count343
\FV@BreakSymbolIndentRight=\dimen318
\FV@BreakSymbolIndentRightNChars=\count344
\c@FancyVerbLineBreakLast=\count345
\FV@LineBox=\box84
\FV@LineIndentBox=\box85
\c@FV@BreakBufferDepth=\count346
\FV@LineWidth=\dimen319
)
(/usr/local/texlive/2025/texmf-dist/tex/latex/latex2pydata/latex2pydata.sty
Package: latex2pydata 2025/03/03 v0.5.0 latex2pydata - write data to file in Py
thon literal format
)
(/usr/local/texlive/2025/texmf-dist/tex/latex/pgfopts/pgfopts.sty
Package: pgfopts 2014/07/10 v2.1a LaTeX package options with pgfkeys
\pgfopts@list@add@a@toks=\toks43
\pgfopts@list@add@b@toks=\toks44
)
(/usr/local/texlive/2025/texmf-dist/tex/latex/tools/shellesc.sty
Package: shellesc 2023/07/08 v1.0d unified shell escape interface for LaTeX
Package shellesc Info: Restricted shell escape enabled on input line 77.
)
(/usr/local/texlive/2025/texmf-dist/tex/latex/float/float.sty
Package: float 2001/11/08 v1.3d Float enhancements (AL)
\c@float@type=\count347
\float@exts=\toks45
\float@box=\box86
\@float@everytoks=\toks46
\@floatcapt=\box87
)
\c@minted@FancyVerbLineTemp=\count348
\@float@every@listing=\toks47
\c@listing=\count349
)
(/usr/local/texlive/2025/texmf-dist/tex/latex/listings/listings.sty
\lst@mode=\count350
\lst@gtempboxa=\box88
\lst@token=\toks48
\lst@length=\count351
\lst@currlwidth=\dimen320
\lst@column=\count352
\lst@pos=\count353
\lst@lostspace=\dimen321
\lst@width=\dimen322
\lst@newlines=\count354
\lst@lineno=\count355
\lst@maxwidth=\dimen323

(/usr/local/texlive/2025/texmf-dist/tex/latex/listings/lstpatch.sty
File: lstpatch.sty 2024/09/23 1.10c (Carsten Heinz)
)
(/usr/local/texlive/2025/texmf-dist/tex/latex/listings/lstmisc.sty
File: lstmisc.sty 2024/09/23 1.10c (Carsten Heinz)
\c@lstnumber=\count356
\lst@skipnumbers=\count357
\lst@framebox=\box89
)
(/usr/local/texlive/2025/texmf-dist/tex/latex/listings/listings.cfg
File: listings.cfg 2024/09/23 1.10c listings configuration
))
Package: listings 2024/09/23 1.10c (Carsten Heinz)

(/usr/local/texlive/2025/texmf-dist/tex/generic/tikz-cd/tikzlibrarycd.code.tex
(/usr/local/texlive/2025/texmf-dist/tex/generic/pgf/frontendlayer/tikz/librarie
s/tikzlibrarymatrix.code.tex
File: tikzlibrarymatrix.code.tex 2023-01-15 v3.1.10 (3.1.10)
)
(/usr/local/texlive/2025/texmf-dist/tex/generic/pgf/frontendlayer/tikz/librarie
s/tikzlibraryquotes.code.tex
File: tikzlibraryquotes.code.tex 2023-01-15 v3.1.10 (3.1.10)
)
(/usr/local/texlive/2025/texmf-dist/tex/generic/pgf/libraries/pgflibraryarrows.
meta.code.tex
File: pgflibraryarrows.meta.code.tex 2023-01-15 v3.1.10 (3.1.10)
\pgfarrowinset=\dimen324
\pgfarrowlength=\dimen325
\pgfarrowwidth=\dimen326
\pgfarrowlinewidth=\dimen327
)) (./527.aux)
\openout1 = `527.aux'.

LaTeX Font Info:    Checking defaults for OML/cmm/m/it on input line 27.
LaTeX Font Info:    ... okay on input line 27.
LaTeX Font Info:    Checking defaults for OMS/cmsy/m/n on input line 27.
LaTeX Font Info:    ... okay on input line 27.
LaTeX Font Info:    Checking defaults for OT1/cmr/m/n on input line 27.
LaTeX Font Info:    ... okay on input line 27.
LaTeX Font Info:    Checking defaults for T1/cmr/m/n on input line 27.
LaTeX Font Info:    ... okay on input line 27.
LaTeX Font Info:    Checking defaults for TS1/cmr/m/n on input line 27.
LaTeX Font Info:    ... okay on input line 27.
LaTeX Font Info:    Checking defaults for TU/lmr/m/n on input line 27.
LaTeX Font Info:    ... okay on input line 27.
LaTeX Font Info:    Checking defaults for OMX/cmex/m/n on input line 27.
LaTeX Font Info:    ... okay on input line 27.
LaTeX Font Info:    Checking defaults for U/cmr/m/n on input line 27.
LaTeX Font Info:    ... okay on input line 27.

Package fontspec Info: 
(fontspec)             Adjusting the maths setup (use [no-math] to avoid
(fontspec)             this).

\symlegacymaths=\mathgroup8
LaTeX Font Info:    Overwriting symbol font `legacymaths' in version `bold'
(Font)                  OT1/cmr/m/n --> OT1/cmr/bx/n on input line 27.
LaTeX Font Info:    Redeclaring math accent \acute on input line 27.
LaTeX Font Info:    Redeclaring math accent \grave on input line 27.
LaTeX Font Info:    Redeclaring math accent \ddot on input line 27.
LaTeX Font Info:    Redeclaring math accent \tilde on input line 27.
LaTeX Font Info:    Redeclaring math accent \bar on input line 27.
LaTeX Font Info:    Redeclaring math accent \breve on input line 27.
LaTeX Font Info:    Redeclaring math accent \check on input line 27.
LaTeX Font Info:    Redeclaring math accent \hat on input line 27.
LaTeX Font Info:    Redeclaring math accent \dot on input line 27.
LaTeX Font Info:    Redeclaring math accent \mathring on input line 27.
LaTeX Font Info:    Redeclaring math symbol \Gamma on input line 27.
LaTeX Font Info:    Redeclaring math symbol \Delta on input line 27.
LaTeX Font Info:    Redeclaring math symbol \Theta on input line 27.
LaTeX Font Info:    Redeclaring math symbol \Lambda on input line 27.
LaTeX Font Info:    Redeclaring math symbol \Xi on input line 27.
LaTeX Font Info:    Redeclaring math symbol \Pi on input line 27.
LaTeX Font Info:    Redeclaring math symbol \Sigma on input line 27.
LaTeX Font Info:    Redeclaring math symbol \Upsilon on input line 27.
LaTeX Font Info:    Redeclaring math symbol \Phi on input line 27.
LaTeX Font Info:    Redeclaring math symbol \Psi on input line 27.
LaTeX Font Info:    Redeclaring math symbol \Omega on input line 27.
LaTeX Font Info:    Redeclaring math symbol \mathdollar on input line 27.
LaTeX Font Info:    Redeclaring symbol font `operators' on input line 27.
LaTeX Font Info:    Encoding `OT1' has changed to `TU' for symbol font
(Font)              `operators' in the math version `normal' on input line 27.
LaTeX Font Info:    Overwriting symbol font `operators' in version `normal'
(Font)                  OT1/cmr/m/n --> TU/lmr/m/n on input line 27.
LaTeX Font Info:    Encoding `OT1' has changed to `TU' for symbol font
(Font)              `operators' in the math version `bold' on input line 27.
LaTeX Font Info:    Overwriting symbol font `operators' in version `bold'
(Font)                  OT1/cmr/bx/n --> TU/lmr/m/n on input line 27.
LaTeX Font Info:    Overwriting symbol font `operators' in version `normal'
(Font)                  TU/lmr/m/n --> TU/lmr/m/n on input line 27.
LaTeX Font Info:    Overwriting math alphabet `\mathit' in version `normal'
(Font)                  OT1/cmr/m/it --> TU/lmr/m/it on input line 27.
LaTeX Font Info:    Overwriting math alphabet `\mathbf' in version `normal'
(Font)                  OT1/cmr/bx/n --> TU/lmr/b/n on input line 27.
LaTeX Font Info:    Overwriting math alphabet `\mathsf' in version `normal'
(Font)                  OT1/cmss/m/n --> TU/lmss/m/n on input line 27.
LaTeX Font Info:    Overwriting math alphabet `\mathtt' in version `normal'
(Font)                  OT1/cmtt/m/n --> TU/lmtt/m/n on input line 27.
LaTeX Font Info:    Overwriting symbol font `operators' in version `bold'
(Font)                  TU/lmr/m/n --> TU/lmr/b/n on input line 27.
LaTeX Font Info:    Overwriting math alphabet `\mathit' in version `bold'
(Font)                  OT1/cmr/bx/it --> TU/lmr/b/it on input line 27.
LaTeX Font Info:    Overwriting math alphabet `\mathsf' in version `bold'
(Font)                  OT1/cmss/bx/n --> TU/lmss/b/n on input line 27.
LaTeX Font Info:    Overwriting math alphabet `\mathtt' in version `bold'
(Font)                  OT1/cmtt/m/n --> TU/lmtt/b/n on input line 27.
\c@lstlisting=\count358
LaTeX Font Info:    Trying to load font information for U+msa on input line 31.


(/usr/local/texlive/2025/texmf-dist/tex/latex/amsfonts/umsa.fd
File: umsa.fd 2013/01/14 v3.01 AMS symbols A
)
LaTeX Font Info:    Trying to load font information for U+msb on input line 31.


(/usr/local/texlive/2025/texmf-dist/tex/latex/amsfonts/umsb.fd
File: umsb.fd 2013/01/14 v3.01 AMS symbols B
)
LaTeX Font Info:    Trying to load font information for U+rsfs on input line 31
.

(/usr/local/texlive/2025/texmf-dist/tex/latex/jknapltx/ursfs.fd
File: ursfs.fd 1998/03/24 rsfs font definition file (jk)
)
LaTeX Font Info:    Trying to load font information for U+stmry on input line 3
1.

(/usr/local/texlive/2025/texmf-dist/tex/latex/stmaryrd/Ustmry.fd)

[1

]

[2]

[3]

[4]

[5]
Overfull \hbox (56.68361pt too wide) detected at line 475
[]  [][]\OMS/cmsy/m/n/10 )  []
 []



[6]

[7]
Missing character: There is no ⊃ (U+2283) in font [lmmono8-regular]:!
Missing character: There is no ⊤ (U+22A4) in font [lmmono8-regular]:!
Missing character: There is no ⊥ (U+22A5) in font [lmmono8-regular]:!
Missing character: There is no ∧ (U+2227) in font [lmmono8-regular]:!
Missing character: There is no ∨ (U+2228) in font [lmmono8-regular]:!
Missing character: There is no ∀ (U+2200) in font [lmmono8-regular]:!
Missing character: There is no ∀ (U+2200) in font [lmmono8-regular]:!
Missing character: There is no ⊃ (U+2283) in font [lmmono8-regular]:!
Missing character: There is no ∀ (U+2200) in font [lmmono8-regular]:!
Missing character: There is no ⊃ (U+2283) in font [lmmono8-regular]:!
Missing character: There is no ∃ (U+2203) in font [lmmono8-regular]:!
Missing character: There is no ∃ (U+2203) in font [lmmono8-regular]:!
Missing character: There is no ⊃ (U+2283) in font [lmmono8-regular]:!
Missing character: There is no ∃ (U+2203) in font [lmmono8-regular]:!
Missing character: There is no ⊃ (U+2283) in font [lmmono8-regular]:!
Missing character: There is no ∧ (U+2227) in font [lmmono8-regular]:!
Missing character: There is no ∨ (U+2228) in font [lmmono8-regular]:!
Missing character: There is no ⊃ (U+2283) in font [lmmono8-regular]:!
Missing character: There is no ∀ (U+2200) in font [lmmono8-regular]:!
Missing character: There is no ∃ (U+2203) in font [lmmono8-regular]:!
Missing character: There is no ⊃ (U+2283) in font [lmmono8-regular]:!
Missing character: There is no ⊃ (U+2283) in font [lmmono8-regular]:!
Missing character: There is no ⊃ (U+2283) in font [lmmono8-regular]:!
Missing character: There is no ⊃ (U+2283) in font [lmmono8-regular]:!


[8]
Missing character: There is no ∧ (U+2227) in font [lmmono8-regular]:!
Missing character: There is no ∧ (U+2227) in font [lmmono8-regular]:!
Missing character: There is no ∧ (U+2227) in font [lmmono8-regular]:!
Missing character: There is no ∧ (U+2227) in font [lmmono8-regular]:!
Missing character: There is no ∧ (U+2227) in font [lmmono8-regular]:!
Missing character: There is no ∧ (U+2227) in font [lmmono8-regular]:!
Missing character: There is no ∨ (U+2228) in font [lmmono8-regular]:!
Missing character: There is no ∨ (U+2228) in font [lmmono8-regular]:!
Missing character: There is no ∨ (U+2228) in font [lmmono8-regular]:!
Missing character: There is no ∨ (U+2228) in font [lmmono8-regular]:!
Missing character: There is no ∨ (U+2228) in font [lmmono8-regular]:!
Missing character: There is no ∨ (U+2228) in font [lmmono8-regular]:!
Missing character: There is no ⊤ (U+22A4) in font [lmmono8-regular]:!
Missing character: There is no ⊤ (U+22A4) in font [lmmono8-regular]:!
Missing character: There is no ⊥ (U+22A5) in font [lmmono8-regular]:!
Missing character: There is no ⊥ (U+22A5) in font [lmmono8-regular]:!
Missing character: There is no ⊃ (U+2283) in font [lmmono8-regular]:!
Missing character: There is no ⊃ (U+2283) in font [lmmono8-regular]:!
Missing character: There is no ⊃ (U+2283) in font [lmmono8-regular]:!
Missing character: There is no ⊃ (U+2283) in font [lmmono8-regular]:!
Missing character: There is no ∧ (U+2227) in font [lmmono8-regular]:!
Missing character: There is no ∧ (U+2227) in font [lmmono8-regular]:!
Missing character: There is no ∧ (U+2227) in font [lmmono8-regular]:!
Missing character: There is no ∧ (U+2227) in font [lmmono8-regular]:!
Missing character: There is no ∧ (U+2227) in font [lmmono8-regular]:!
Missing character: There is no ∧ (U+2227) in font [lmmono8-regular]:!
Missing character: There is no ∨ (U+2228) in font [lmmono8-regular]:!
Missing character: There is no ∨ (U+2228) in font [lmmono8-regular]:!
Missing character: There is no ∨ (U+2228) in font [lmmono8-regular]:!
Missing character: There is no ∨ (U+2228) in font [lmmono8-regular]:!
Missing character: There is no ∨ (U+2228) in font [lmmono8-regular]:!
Missing character: There is no ∨ (U+2228) in font [lmmono8-regular]:!
Missing character: There is no ⊤ (U+22A4) in font [lmmono8-regular]:!
Missing character: There is no ⊤ (U+22A4) in font [lmmono8-regular]:!


[9]
Missing character: There is no ⊥ (U+22A5) in font [lmmono8-regular]:!
Missing character: There is no ⊥ (U+22A5) in font [lmmono8-regular]:!
Missing character: There is no ∧ (U+2227) in font [lmmono8-regular]:!
Missing character: There is no ∧ (U+2227) in font [lmmono8-regular]:!
Missing character: There is no ∧ (U+2227) in font [lmmono8-regular]:!
Missing character: There is no ∧ (U+2227) in font [lmmono8-regular]:!
Missing character: There is no ∧ (U+2227) in font [lmmono8-regular]:!
Missing character: There is no ∧ (U+2227) in font [lmmono8-regular]:!
Missing character: There is no ∧ (U+2227) in font [lmmono8-regular]:!
Missing character: There is no ∧ (U+2227) in font [lmmono8-regular]:!
Missing character: There is no ∧ (U+2227) in font [lmmono8-regular]:!
Missing character: There is no ⊃ (U+2283) in font [lmmono8-regular]:!
Missing character: There is no ⊃ (U+2283) in font [lmmono8-regular]:!
Missing character: There is no ⊃ (U+2283) in font [lmmono8-regular]:!
Missing character: There is no ⊃ (U+2283) in font [lmmono8-regular]:!
Missing character: There is no ⊃ (U+2283) in font [lmmono8-regular]:!
Missing character: There is no ⊃ (U+2283) in font [lmmono8-regular]:!
Missing character: There is no ∨ (U+2228) in font [lmmono8-regular]:!
Missing character: There is no ∨ (U+2228) in font [lmmono8-regular]:!
Missing character: There is no ∨ (U+2228) in font [lmmono8-regular]:!
Missing character: There is no ∨ (U+2228) in font [lmmono8-regular]:!
Missing character: There is no ∨ (U+2228) in font [lmmono8-regular]:!
Missing character: There is no ∨ (U+2228) in font [lmmono8-regular]:!
Missing character: There is no ⊤ (U+22A4) in font [lmmono8-regular]:!
Missing character: There is no ⊤ (U+22A4) in font [lmmono8-regular]:!
Missing character: There is no ⊤ (U+22A4) in font [lmmono8-regular]:!
Missing character: There is no ⊥ (U+22A5) in font [lmmono8-regular]:!
Missing character: There is no ⊥ (U+22A5) in font [lmmono8-regular]:!
Missing character: There is no ⊥ (U+22A5) in font [lmmono8-regular]:!


[10]
Missing character: There is no ⊢ (U+22A2) in font [lmmono8-regular]:!
Missing character: There is no ⊢ (U+22A2) in font [lmmono8-regular]:!
Missing character: There is no ⊢ (U+22A2) in font [lmmono8-regular]:!
Missing character: There is no ∧ (U+2227) in font [lmmono8-regular]:!
Missing character: There is no ⊢ (U+22A2) in font [lmmono8-regular]:!
Missing character: There is no ⊢ (U+22A2) in font [lmmono8-regular]:!
Missing character: There is no ⊢ (U+22A2) in font [lmmono8-regular]:!
Missing character: There is no ⊢ (U+22A2) in font [lmmono8-regular]:!
Missing character: There is no ⊢ (U+22A2) in font [lmmono8-regular]:!
Missing character: There is no ∧ (U+2227) in font [lmmono8-regular]:!
Missing character: There is no ⊢ (U+22A2) in font [lmmono8-regular]:!
Missing character: There is no ⊃ (U+2283) in font [lmmono8-regular]:!
Missing character: There is no ⊢ (U+22A2) in font [lmmono8-regular]:!
Missing character: There is no ⊢ (U+22A2) in font [lmmono8-regular]:!
Missing character: There is no ⊢ (U+22A2) in font [lmmono8-regular]:!
Missing character: There is no ⊢ (U+22A2) in font [lmmono8-regular]:!
Missing character: There is no ⊢ (U+22A2) in font [lmmono8-regular]:!
Missing character: There is no ⊃ (U+2283) in font [lmmono8-regular]:!
Missing character: There is no ⊢ (U+22A2) in font [lmmono8-regular]:!
Missing character: There is no ∨ (U+2228) in font [lmmono8-regular]:!
Missing character: There is no ⊢ (U+22A2) in font [lmmono8-regular]:!
Missing character: There is no ⊢ (U+22A2) in font [lmmono8-regular]:!
Missing character: There is no ⊢ (U+22A2) in font [lmmono8-regular]:!
Missing character: There is no ⊢ (U+22A2) in font [lmmono8-regular]:!
Missing character: There is no ⊢ (U+22A2) in font [lmmono8-regular]:!
Missing character: There is no ∨ (U+2228) in font [lmmono8-regular]:!
Missing character: There is no ⊢ (U+22A2) in font [lmmono8-regular]:!
Missing character: There is no ⊢ (U+22A2) in font [lmmono8-regular]:!
Missing character: There is no ⊢ (U+22A2) in font [lmmono8-regular]:!
Missing character: There is no ⊢ (U+22A2) in font [lmmono8-regular]:!
Missing character: There is no ⊢ (U+22A2) in font [lmmono8-regular]:!
Missing character: There is no ⊤ (U+22A4) in font [lmmono8-regular]:!
Missing character: There is no ⊢ (U+22A2) in font [lmmono8-regular]:!
Missing character: There is no ⊤ (U+22A4) in font [lmmono8-regular]:!
Missing character: There is no ⊢ (U+22A2) in font [lmmono8-regular]:!
Missing character: There is no ⊥ (U+22A5) in font [lmmono8-regular]:!
Missing character: There is no ⊢ (U+22A2) in font [lmmono8-regular]:!
Missing character: There is no ⊥ (U+22A5) in font [lmmono8-regular]:!
Missing character: There is no ⊢ (U+22A2) in font [lmmono8-regular]:!
Missing character: There is no ⊢ (U+22A2) in font [lmmono8-regular]:!
Missing character: There is no ⊢ (U+22A2) in font [lmmono8-regular]:!
Missing character: There is no ⊢ (U+22A2) in font [lmmono8-regular]:!
Missing character: There is no ⊢ (U+22A2) in font [lmmono8-regular]:!
Missing character: There is no ∧ (U+2227) in font [lmmono8-regular]:!
Missing character: There is no ⊢ (U+22A2) in font [lmmono8-regular]:!
Missing character: There is no ⊢ (U+22A2) in font [lmmono8-regular]:!
Missing character: There is no ∧ (U+2227) in font [lmmono8-regular]:!
Missing character: There is no ⊢ (U+22A2) in font [lmmono8-regular]:!
Missing character: There is no ⊢ (U+22A2) in font [lmmono8-regular]:!
Missing character: There is no ⊢ (U+22A2) in font [lmmono8-regular]:!
Missing character: There is no ⊢ (U+22A2) in font [lmmono8-regular]:!
Missing character: There is no ⊢ (U+22A2) in font [lmmono8-regular]:!
Missing character: There is no ⊢ (U+22A2) in font [lmmono8-regular]:!
Missing character: There is no ⊢ (U+22A2) in font [lmmono8-regular]:!
Missing character: There is no ∧ (U+2227) in font [lmmono8-regular]:!
Missing character: There is no ⊢ (U+22A2) in font [lmmono8-regular]:!
Missing character: There is no ⊃ (U+2283) in font [lmmono8-regular]:!
Missing character: There is no ⊢ (U+22A2) in font [lmmono8-regular]:!
Missing character: There is no ⊢ (U+22A2) in font [lmmono8-regular]:!
Missing character: There is no ⊃ (U+2283) in font [lmmono8-regular]:!
Missing character: There is no ⊢ (U+22A2) in font [lmmono8-regular]:!
Missing character: There is no ⊢ (U+22A2) in font [lmmono8-regular]:!
Missing character: There is no ⊢ (U+22A2) in font [lmmono8-regular]:!
Missing character: There is no ⊢ (U+22A2) in font [lmmono8-regular]:!
Missing character: There is no ⊢ (U+22A2) in font [lmmono8-regular]:!
Missing character: There is no ⊢ (U+22A2) in font [lmmono8-regular]:!
Missing character: There is no ⊢ (U+22A2) in font [lmmono8-regular]:!
Missing character: There is no ⊃ (U+2283) in font [lmmono8-regular]:!
Missing character: There is no ⊢ (U+22A2) in font [lmmono8-regular]:!
Missing character: There is no ∨ (U+2228) in font [lmmono8-regular]:!
Missing character: There is no ⊢ (U+22A2) in font [lmmono8-regular]:!
Missing character: There is no ⊢ (U+22A2) in font [lmmono8-regular]:!
Missing character: There is no ∨ (U+2228) in font [lmmono8-regular]:!
Missing character: There is no ⊢ (U+22A2) in font [lmmono8-regular]:!
Missing character: There is no ⊢ (U+22A2) in font [lmmono8-regular]:!
Missing character: There is no ⊢ (U+22A2) in font [lmmono8-regular]:!
Missing character: There is no ⊢ (U+22A2) in font [lmmono8-regular]:!
Missing character: There is no ⊢ (U+22A2) in font [lmmono8-regular]:!
Missing character: There is no ⊢ (U+22A2) in font [lmmono8-regular]:!
Missing character: There is no ⊢ (U+22A2) in font [lmmono8-regular]:!
Missing character: There is no ∨ (U+2228) in font [lmmono8-regular]:!
Missing character: There is no ⊢ (U+22A2) in font [lmmono8-regular]:!
Missing character: There is no ⊢ (U+22A2) in font [lmmono8-regular]:!
Missing character: There is no ⊢ (U+22A2) in font [lmmono8-regular]:!
Missing character: There is no ⊢ (U+22A2) in font [lmmono8-regular]:!
Missing character: There is no ⊢ (U+22A2) in font [lmmono8-regular]:!
Missing character: There is no ⊢ (U+22A2) in font [lmmono8-regular]:!
Missing character: There is no ⊢ (U+22A2) in font [lmmono8-regular]:!
Missing character: There is no ⊢ (U+22A2) in font [lmmono8-regular]:!
Missing character: There is no ⊤ (U+22A4) in font [lmmono8-regular]:!
Missing character: There is no ⊢ (U+22A2) in font [lmmono8-regular]:!


[11]
Missing character: There is no ⊢ (U+22A2) in font [lmmono8-regular]:!
Missing character: There is no ⊤ (U+22A4) in font [lmmono8-regular]:!
Missing character: There is no ⊢ (U+22A2) in font [lmmono8-regular]:!
Missing character: There is no ⊤ (U+22A4) in font [lmmono8-regular]:!
Missing character: There is no ⊢ (U+22A2) in font [lmmono8-regular]:!
Missing character: There is no ⊥ (U+22A5) in font [lmmono8-regular]:!
Missing character: There is no ⊢ (U+22A2) in font [lmmono8-regular]:!
Missing character: There is no ⊢ (U+22A2) in font [lmmono8-regular]:!
Missing character: There is no ⊥ (U+22A5) in font [lmmono8-regular]:!
Missing character: There is no ⊢ (U+22A2) in font [lmmono8-regular]:!
Missing character: There is no ⊥ (U+22A5) in font [lmmono8-regular]:!
Missing character: There is no ⊢ (U+22A2) in font [lmmono8-regular]:!
Missing character: There is no ⊢ (U+22A2) in font [lmmono8-regular]:!
Missing character: There is no ⊢ (U+22A2) in font [lmmono8-regular]:!
Missing character: There is no ⊢ (U+22A2) in font [lmmono8-regular]:!
Missing character: There is no ⊢ (U+22A2) in font [lmmono8-regular]:!
Missing character: There is no ⊢ (U+22A2) in font [lmmono8-regular]:!
Missing character: There is no ⊢ (U+22A2) in font [lmmono8-regular]:!
Missing character: There is no ⊢ (U+22A2) in font [lmmono8-regular]:!
Missing character: There is no ⊢ (U+22A2) in font [lmmono8-regular]:!
Missing character: There is no ⊥ (U+22A5) in font [lmmono8-regular]:!
Missing character: There is no ⊢ (U+22A2) in font [lmmono8-regular]:!
Missing character: There is no ⊢ (U+22A2) in font [lmmono8-regular]:!
Missing character: There is no ⊢ (U+22A2) in font [lmmono8-regular]:!
Missing character: There is no ⊥ (U+22A5) in font [lmmono8-regular]:!
Missing character: There is no ⊢ (U+22A2) in font [lmmono8-regular]:!
Missing character: There is no ⊢ (U+22A2) in font [lmmono8-regular]:!
Missing character: There is no ⊢ (U+22A2) in font [lmmono8-regular]:!
Missing character: There is no ⊢ (U+22A2) in font [lmmono8-regular]:!
Missing character: There is no ∧ (U+2227) in font [lmmono8-regular]:!
Missing character: There is no ⊢ (U+22A2) in font [lmmono8-regular]:!
Missing character: There is no ∧ (U+2227) in font [lmmono8-regular]:!
Missing character: There is no ⊢ (U+22A2) in font [lmmono8-regular]:!
Missing character: There is no ⊢ (U+22A2) in font [lmmono8-regular]:!
Missing character: There is no ⊢ (U+22A2) in font [lmmono8-regular]:!
Missing character: There is no ⊢ (U+22A2) in font [lmmono8-regular]:!
Missing character: There is no ⊢ (U+22A2) in font [lmmono8-regular]:!
Missing character: There is no ⊢ (U+22A2) in font [lmmono8-regular]:!
Missing character: There is no ⊢ (U+22A2) in font [lmmono8-regular]:!
Missing character: There is no ∧ (U+2227) in font [lmmono8-regular]:!
Missing character: There is no ⊢ (U+22A2) in font [lmmono8-regular]:!
Missing character: There is no ∧ (U+2227) in font [lmmono8-regular]:!
Missing character: There is no ∧ (U+2227) in font [lmmono8-regular]:!
Missing character: There is no ⊢ (U+22A2) in font [lmmono8-regular]:!
Missing character: There is no ⊢ (U+22A2) in font [lmmono8-regular]:!
Missing character: There is no ⊢ (U+22A2) in font [lmmono8-regular]:!
Missing character: There is no ⊢ (U+22A2) in font [lmmono8-regular]:!
Missing character: There is no ⊢ (U+22A2) in font [lmmono8-regular]:!
Missing character: There is no ⊢ (U+22A2) in font [lmmono8-regular]:!
Missing character: There is no ⊢ (U+22A2) in font [lmmono8-regular]:!
Missing character: There is no ⊢ (U+22A2) in font [lmmono8-regular]:!
Missing character: There is no ⊢ (U+22A2) in font [lmmono8-regular]:!
Missing character: There is no ∧ (U+2227) in font [lmmono8-regular]:!
Missing character: There is no ⊢ (U+22A2) in font [lmmono8-regular]:!
Missing character: There is no ∧ (U+2227) in font [lmmono8-regular]:!
Missing character: There is no ⊢ (U+22A2) in font [lmmono8-regular]:!
Missing character: There is no ∧ (U+2227) in font [lmmono8-regular]:!
Missing character: There is no ∧ (U+2227) in font [lmmono8-regular]:!
Missing character: There is no ⊢ (U+22A2) in font [lmmono8-regular]:!
Missing character: There is no ⊢ (U+22A2) in font [lmmono8-regular]:!
Missing character: There is no ⊢ (U+22A2) in font [lmmono8-regular]:!
Missing character: There is no ⊢ (U+22A2) in font [lmmono8-regular]:!
Missing character: There is no ⊢ (U+22A2) in font [lmmono8-regular]:!
Missing character: There is no ⊢ (U+22A2) in font [lmmono8-regular]:!
Missing character: There is no ⊢ (U+22A2) in font [lmmono8-regular]:!
Missing character: There is no ⊢ (U+22A2) in font [lmmono8-regular]:!
Missing character: There is no ⊢ (U+22A2) in font [lmmono8-regular]:!
Missing character: There is no ∧ (U+2227) in font [lmmono8-regular]:!
Missing character: There is no ⊢ (U+22A2) in font [lmmono8-regular]:!
Missing character: There is no ∧ (U+2227) in font [lmmono8-regular]:!
Missing character: There is no ⊢ (U+22A2) in font [lmmono8-regular]:!
Missing character: There is no ⊃ (U+2283) in font [lmmono8-regular]:!
Missing character: There is no ⊢ (U+22A2) in font [lmmono8-regular]:!
Missing character: There is no ⊃ (U+2283) in font [lmmono8-regular]:!
Missing character: There is no ⊢ (U+22A2) in font [lmmono8-regular]:!
Missing character: There is no ⊢ (U+22A2) in font [lmmono8-regular]:!
Missing character: There is no ⊢ (U+22A2) in font [lmmono8-regular]:!
Missing character: There is no ⊢ (U+22A2) in font [lmmono8-regular]:!
Missing character: There is no ⊢ (U+22A2) in font [lmmono8-regular]:!
Missing character: There is no ⊢ (U+22A2) in font [lmmono8-regular]:!
Missing character: There is no ⊢ (U+22A2) in font [lmmono8-regular]:!
Missing character: There is no ⊃ (U+2283) in font [lmmono8-regular]:!
Missing character: There is no ⊢ (U+22A2) in font [lmmono8-regular]:!
Missing character: There is no ⊃ (U+2283) in font [lmmono8-regular]:!
Missing character: There is no ⊃ (U+2283) in font [lmmono8-regular]:!
Missing character: There is no ⊢ (U+22A2) in font [lmmono8-regular]:!
Missing character: There is no ⊢ (U+22A2) in font [lmmono8-regular]:!
Missing character: There is no ⊢ (U+22A2) in font [lmmono8-regular]:!
Missing character: There is no ⊢ (U+22A2) in font [lmmono8-regular]:!
Missing character: There is no ⊢ (U+22A2) in font [lmmono8-regular]:!
Missing character: There is no ⊢ (U+22A2) in font [lmmono8-regular]:!


[12]
Missing character: There is no ⊢ (U+22A2) in font [lmmono8-regular]:!
Missing character: There is no ⊢ (U+22A2) in font [lmmono8-regular]:!
Missing character: There is no ⊢ (U+22A2) in font [lmmono8-regular]:!
Missing character: There is no ⊢ (U+22A2) in font [lmmono8-regular]:!
Missing character: There is no ⊢ (U+22A2) in font [lmmono8-regular]:!
Missing character: There is no ⊢ (U+22A2) in font [lmmono8-regular]:!
Missing character: There is no ⊃ (U+2283) in font [lmmono8-regular]:!
Missing character: There is no ⊢ (U+22A2) in font [lmmono8-regular]:!
Missing character: There is no ⊃ (U+2283) in font [lmmono8-regular]:!
Missing character: There is no ⊢ (U+22A2) in font [lmmono8-regular]:!
Missing character: There is no ∨ (U+2228) in font [lmmono8-regular]:!
Missing character: There is no ⊢ (U+22A2) in font [lmmono8-regular]:!
Missing character: There is no ∨ (U+2228) in font [lmmono8-regular]:!
Missing character: There is no ⊢ (U+22A2) in font [lmmono8-regular]:!
Missing character: There is no ⊢ (U+22A2) in font [lmmono8-regular]:!
Missing character: There is no ⊢ (U+22A2) in font [lmmono8-regular]:!
Missing character: There is no ⊢ (U+22A2) in font [lmmono8-regular]:!
Missing character: There is no ∨ (U+2228) in font [lmmono8-regular]:!
Missing character: There is no ⊢ (U+22A2) in font [lmmono8-regular]:!
Missing character: There is no ∨ (U+2228) in font [lmmono8-regular]:!
Missing character: There is no ⊢ (U+22A2) in font [lmmono8-regular]:!
Missing character: There is no ∨ (U+2228) in font [lmmono8-regular]:!
Missing character: There is no ⊢ (U+22A2) in font [lmmono8-regular]:!
Missing character: There is no ⊢ (U+22A2) in font [lmmono8-regular]:!
Missing character: There is no ⊢ (U+22A2) in font [lmmono8-regular]:!
Missing character: There is no ⊢ (U+22A2) in font [lmmono8-regular]:!
Missing character: There is no ∨ (U+2228) in font [lmmono8-regular]:!
Missing character: There is no ⊢ (U+22A2) in font [lmmono8-regular]:!
Missing character: There is no ∨ (U+2228) in font [lmmono8-regular]:!
Missing character: There is no ∨ (U+2228) in font [lmmono8-regular]:!
Missing character: There is no ⊢ (U+22A2) in font [lmmono8-regular]:!
Missing character: There is no ∨ (U+2228) in font [lmmono8-regular]:!
Missing character: There is no ∨ (U+2228) in font [lmmono8-regular]:!
Missing character: There is no ∨ (U+2228) in font [lmmono8-regular]:!
Missing character: There is no ⊢ (U+22A2) in font [lmmono8-regular]:!
Missing character: There is no ⊢ (U+22A2) in font [lmmono8-regular]:!
Missing character: There is no ⊢ (U+22A2) in font [lmmono8-regular]:!
Missing character: There is no ⊢ (U+22A2) in font [lmmono8-regular]:!
Missing character: There is no ⊢ (U+22A2) in font [lmmono8-regular]:!
Missing character: There is no ⊢ (U+22A2) in font [lmmono8-regular]:!
Missing character: There is no ⊢ (U+22A2) in font [lmmono8-regular]:!
Missing character: There is no ⊢ (U+22A2) in font [lmmono8-regular]:!
Missing character: There is no ⊢ (U+22A2) in font [lmmono8-regular]:!
Missing character: There is no ⊢ (U+22A2) in font [lmmono8-regular]:!
Missing character: There is no ⊢ (U+22A2) in font [lmmono8-regular]:!
Missing character: There is no ⊢ (U+22A2) in font [lmmono8-regular]:!
Missing character: There is no ⊢ (U+22A2) in font [lmmono8-regular]:!
Missing character: There is no ⊢ (U+22A2) in font [lmmono8-regular]:!
Missing character: There is no ⊢ (U+22A2) in font [lmmono8-regular]:!
Missing character: There is no ⊢ (U+22A2) in font [lmmono8-regular]:!
Missing character: There is no ∨ (U+2228) in font [lmmono8-regular]:!
Missing character: There is no ⊢ (U+22A2) in font [lmmono8-regular]:!
Missing character: There is no ⊢ (U+22A2) in font [lmmono8-regular]:!
Missing character: There is no ⊢ (U+22A2) in font [lmmono8-regular]:!
Missing character: There is no ⊢ (U+22A2) in font [lmmono8-regular]:!
Missing character: There is no ⊥ (U+22A5) in font [lmmono8-regular]:!
Missing character: There is no ⊢ (U+22A2) in font [lmmono8-regular]:!
Missing character: There is no ⊥ (U+22A5) in font [lmmono8-regular]:!
Missing character: There is no ⊢ (U+22A2) in font [lmmono8-regular]:!
Missing character: There is no ⊢ (U+22A2) in font [lmmono8-regular]:!
Missing character: There is no ⊢ (U+22A2) in font [lmmono8-regular]:!
Missing character: There is no ⊢ (U+22A2) in font [lmmono8-regular]:!
Missing character: There is no ⊢ (U+22A2) in font [lmmono8-regular]:!
Missing character: There is no ⊥ (U+22A5) in font [lmmono8-regular]:!
Missing character: There is no ⊢ (U+22A2) in font [lmmono8-regular]:!
Missing character: There is no ⊢ (U+22A2) in font [lmmono8-regular]:!
Missing character: There is no ⊢ (U+22A2) in font [lmmono8-regular]:!
Missing character: There is no ⊢ (U+22A2) in font [lmmono8-regular]:!
Missing character: There is no ⊢ (U+22A2) in font [lmmono8-regular]:!
Missing character: There is no ⊢ (U+22A2) in font [lmmono8-regular]:!
Missing character: There is no ⊢ (U+22A2) in font [lmmono8-regular]:!
Missing character: There is no ⊢ (U+22A2) in font [lmmono8-regular]:!
Missing character: There is no ⊢ (U+22A2) in font [lmmono8-regular]:!
Missing character: There is no ⊢ (U+22A2) in font [lmmono8-regular]:!
Missing character: There is no ⊢ (U+22A2) in font [lmmono8-regular]:!
Missing character: There is no ⊢ (U+22A2) in font [lmmono8-regular]:!
Missing character: There is no ⊢ (U+22A2) in font [lmmono8-regular]:!
Missing character: There is no ⊢ (U+22A2) in font [lmmono8-regular]:!
Missing character: There is no ⊢ (U+22A2) in font [lmmono8-regular]:!
Missing character: There is no ⊢ (U+22A2) in font [lmmono8-regular]:!
Missing character: There is no ⊢ (U+22A2) in font [lmmono8-regular]:!
Missing character: There is no ⊢ (U+22A2) in font [lmmono8-regular]:!
Missing character: There is no ∧ (U+2227) in font [lmmono8-regular]:!
Missing character: There is no ⊢ (U+22A2) in font [lmmono8-regular]:!
Missing character: There is no ⊢ (U+22A2) in font [lmmono8-regular]:!
Missing character: There is no ⊢ (U+22A2) in font [lmmono8-regular]:!
Missing character: There is no ⊢ (U+22A2) in font [lmmono8-regular]:!
Missing character: There is no ⊢ (U+22A2) in font [lmmono8-regular]:!
Missing character: There is no ∧ (U+2227) in font [lmmono8-regular]:!
Missing character: There is no ⊢ (U+22A2) in font [lmmono8-regular]:!
Missing character: There is no ∧ (U+2227) in font [lmmono8-regular]:!
Missing character: There is no ⊢ (U+22A2) in font [lmmono8-regular]:!
Missing character: There is no ⊢ (U+22A2) in font [lmmono8-regular]:!
Missing character: There is no ⊢ (U+22A2) in font [lmmono8-regular]:!
Missing character: There is no ∧ (U+2227) in font [lmmono8-regular]:!
Missing character: There is no ⊢ (U+22A2) in font [lmmono8-regular]:!
Missing character: There is no ∧ (U+2227) in font [lmmono8-regular]:!
Missing character: There is no ⊢ (U+22A2) in font [lmmono8-regular]:!
Missing character: There is no ⊢ (U+22A2) in font [lmmono8-regular]:!
Missing character: There is no ⊢ (U+22A2) in font [lmmono8-regular]:!
Missing character: There is no ∧ (U+2227) in font [lmmono8-regular]:!
Missing character: There is no ⊢ (U+22A2) in font [lmmono8-regular]:!
Missing character: There is no ⊃ (U+2283) in font [lmmono8-regular]:!
Missing character: There is no ⊢ (U+22A2) in font [lmmono8-regular]:!
Missing character: There is no ⊢ (U+22A2) in font [lmmono8-regular]:!
Missing character: There is no ⊢ (U+22A2) in font [lmmono8-regular]:!
Missing character: There is no ⊃ (U+2283) in font [lmmono8-regular]:!
Missing character: There is no ⊢ (U+22A2) in font [lmmono8-regular]:!
Missing character: There is no ⊃ (U+2283) in font [lmmono8-regular]:!
Missing character: There is no ⊢ (U+22A2) in font [lmmono8-regular]:!
Missing character: There is no ⊢ (U+22A2) in font [lmmono8-regular]:!


[13]
Missing character: There is no ⊢ (U+22A2) in font [lmmono8-regular]:!
Missing character: There is no ⊢ (U+22A2) in font [lmmono8-regular]:!
Missing character: There is no ⊢ (U+22A2) in font [lmmono8-regular]:!
Missing character: There is no ⊃ (U+2283) in font [lmmono8-regular]:!
Missing character: There is no ⊢ (U+22A2) in font [lmmono8-regular]:!
Missing character: There is no ∨ (U+2228) in font [lmmono8-regular]:!
Missing character: There is no ⊢ (U+22A2) in font [lmmono8-regular]:!
Missing character: There is no ⊢ (U+22A2) in font [lmmono8-regular]:!
Missing character: There is no ⊢ (U+22A2) in font [lmmono8-regular]:!
Missing character: There is no ∨ (U+2228) in font [lmmono8-regular]:!
Missing character: There is no ⊢ (U+22A2) in font [lmmono8-regular]:!
Missing character: There is no ∨ (U+2228) in font [lmmono8-regular]:!
Missing character: There is no ⊢ (U+22A2) in font [lmmono8-regular]:!
Missing character: There is no ⊢ (U+22A2) in font [lmmono8-regular]:!
Missing character: There is no ⊢ (U+22A2) in font [lmmono8-regular]:!
Missing character: There is no ∨ (U+2228) in font [lmmono8-regular]:!
Missing character: There is no ⊢ (U+22A2) in font [lmmono8-regular]:!
Missing character: There is no ∨ (U+2228) in font [lmmono8-regular]:!
Missing character: There is no ⊢ (U+22A2) in font [lmmono8-regular]:!
Missing character: There is no ⊢ (U+22A2) in font [lmmono8-regular]:!
Missing character: There is no ⊢ (U+22A2) in font [lmmono8-regular]:!
Missing character: There is no ⊢ (U+22A2) in font [lmmono8-regular]:!
Missing character: There is no ⊢ (U+22A2) in font [lmmono8-regular]:!
Missing character: There is no ⊢ (U+22A2) in font [lmmono8-regular]:!
Missing character: There is no ⊢ (U+22A2) in font [lmmono8-regular]:!
Missing character: There is no ∨ (U+2228) in font [lmmono8-regular]:!
Missing character: There is no ⊢ (U+22A2) in font [lmmono8-regular]:!
Missing character: There is no ⊢ (U+22A2) in font [lmmono8-regular]:!
Missing character: There is no ⊢ (U+22A2) in font [lmmono8-regular]:!
Missing character: There is no ⊢ (U+22A2) in font [lmmono8-regular]:!
Missing character: There is no ⊃ (U+2283) in font [lmmono8-regular]:!
Missing character: There is no ⊢ (U+22A2) in font [lmmono8-regular]:!
Missing character: There is no ⊢ (U+22A2) in font [lmmono8-regular]:!
Missing character: There is no ⊢ (U+22A2) in font [lmmono8-regular]:!
Missing character: There is no ⊢ (U+22A2) in font [lmmono8-regular]:!
Missing character: There is no ⊢ (U+22A2) in font [lmmono8-regular]:!
Missing character: There is no ⊢ (U+22A2) in font [lmmono8-regular]:!
Missing character: There is no ⊢ (U+22A2) in font [lmmono8-regular]:!
Missing character: There is no ⊢ (U+22A2) in font [lmmono8-regular]:!
Missing character: There is no ⊢ (U+22A2) in font [lmmono8-regular]:!
Missing character: There is no ⊢ (U+22A2) in font [lmmono8-regular]:!
Missing character: There is no ∧ (U+2227) in font [lmmono8-regular]:!
Missing character: There is no ⊢ (U+22A2) in font [lmmono8-regular]:!
Missing character: There is no ∧ (U+2227) in font [lmmono8-regular]:!
Missing character: There is no ⊢ (U+22A2) in font [lmmono8-regular]:!
Missing character: There is no ⊢ (U+22A2) in font [lmmono8-regular]:!
Missing character: There is no ⊢ (U+22A2) in font [lmmono8-regular]:!
Missing character: There is no ∧ (U+2227) in font [lmmono8-regular]:!
Missing character: There is no ⊢ (U+22A2) in font [lmmono8-regular]:!
Missing character: There is no ⊢ (U+22A2) in font [lmmono8-regular]:!
Missing character: There is no ⊢ (U+22A2) in font [lmmono8-regular]:!
Missing character: There is no ∧ (U+2227) in font [lmmono8-regular]:!
Missing character: There is no ⊢ (U+22A2) in font [lmmono8-regular]:!
Missing character: There is no ∧ (U+2227) in font [lmmono8-regular]:!


[14]
runsystem(latexminted cleantemp  --timestamp 20250422033914 13F320E7B5EAD1024AC
95C3B208610DB)...executed safely (allowed).

 (./527.aux)
 ***********
LaTeX2e <2024-11-01> patch level 2
L3 programming layer <2025-01-18>
 ***********
 ) 
Here is how much of TeX's memory you used:
 23073 strings out of 473832
 533158 string characters out of 5729482
 1530531 words of memory out of 5000000
 45749 multiletter control sequences out of 15000+600000
 567522 words of font info for 90 fonts, out of 8000000 for 9000
 1348 hyphenation exceptions out of 8191
 102i,43n,107p,481b,1483s stack positions out of 10000i,1000n,20000p,200000b,200000s

Output written on 527.xdv (14 pages, 176576 bytes).
